This is XeTeX, Version 3.14159265-2.6-0.999991 (TeX Live 2019) (preloaded format=xelatex 2019.7.7)  17 APR 2022 16:10
entering extended mode
 restricted \write18 enabled.
 file:line:error style messages enabled.
 %&-line parsing enabled.
**/Users/prince/Desktop/Paper_Pattern/main
(/Users/prince/Desktop/Paper_Pattern/main.tex
LaTeX2e <2018-12-01>
(/usr/local/texlive/2019/texmf-dist/tex/latex/base/book.cls
Document Class: book 2018/09/03 v1.4i Standard LaTeX document class
(/usr/local/texlive/2019/texmf-dist/tex/latex/base/bk12.clo
File: bk12.clo 2018/09/03 v1.4i Standard LaTeX file (size option)
)
\c@part=\count80
\c@chapter=\count81
\c@section=\count82
\c@subsection=\count83
\c@subsubsection=\count84
\c@paragraph=\count85
\c@subparagraph=\count86
\c@figure=\count87
\c@table=\count88
\abovecaptionskip=\skip41
\belowcaptionskip=\skip42
\bibindent=\dimen102
) (/usr/local/texlive/2019/texmf-dist/tex/generic/ifxetex/ifxetex.sty
Package: ifxetex 2010/09/12 v0.6 Provides ifxetex conditional
) (/usr/local/texlive/2019/texmf-dist/tex/latex/hyperref/hyperref.sty
Package: hyperref 2018/11/30 v6.88e Hypertext links for LaTeX
 (/usr/local/texlive/2019/texmf-dist/tex/generic/oberdiek/hobsub-hyperref.sty
Package: hobsub-hyperref 2016/05/16 v1.14 Bundle oberdiek, subset hyperref (HO)
 (/usr/local/texlive/2019/texmf-dist/tex/generic/oberdiek/hobsub-generic.sty
Package: hobsub-generic 2016/05/16 v1.14 Bundle oberdiek, subset generic (HO)
Package: hobsub 2016/05/16 v1.14 Construct package bundles (HO)
Package: infwarerr 2016/05/16 v1.4 Providing info/warning/error messages (HO)
Package: ltxcmds 2016/05/16 v1.23 LaTeX kernel commands for general use (HO)
Package: ifluatex 2016/05/16 v1.4 Provides the ifluatex switch (HO)
Package ifluatex Info: LuaTeX not detected.
Package: ifvtex 2016/05/16 v1.6 Detect VTeX and its facilities (HO)
Package ifvtex Info: VTeX not detected.
Package: intcalc 2016/05/16 v1.2 Expandable calculations with integers (HO)
Package: ifpdf 2018/09/07 v3.3 Provides the ifpdf switch
Package: etexcmds 2016/05/16 v1.6 Avoid name clashes with e-TeX commands (HO)
Package: kvsetkeys 2016/05/16 v1.17 Key value parser (HO)
Package: kvdefinekeys 2016/05/16 v1.4 Define keys (HO)
Package: pdftexcmds 2018/09/10 v0.29 Utility functions of pdfTeX for LuaTeX (HO)
Package pdftexcmds Info: LuaTeX not detected.
Package pdftexcmds Info: pdfTeX >= 1.30 not detected.
Package pdftexcmds Info: \pdf@primitive is available.
Package pdftexcmds Info: \pdf@ifprimitive is available.
Package pdftexcmds Info: \pdfdraftmode not found.
Package: pdfescape 2016/05/16 v1.14 Implements pdfTeX's escape features (HO)
Package: bigintcalc 2016/05/16 v1.4 Expandable calculations on big integers (HO)
Package: bitset 2016/05/16 v1.2 Handle bit-vector datatype (HO)
Package: uniquecounter 2016/05/16 v1.3 Provide unlimited unique counter (HO)
)
Package hobsub Info: Skipping package `hobsub' (already loaded).
Package: letltxmacro 2016/05/16 v1.5 Let assignment for LaTeX macros (HO)
Package: hopatch 2016/05/16 v1.3 Wrapper for package hooks (HO)
Package: xcolor-patch 2016/05/16 xcolor patch
Package: atveryend 2016/05/16 v1.9 Hooks at the very end of document (HO)
Package atveryend Info: \enddocument detected (standard20110627).
Package: atbegshi 2016/06/09 v1.18 At begin shipout hook (HO)
Package: refcount 2016/05/16 v3.5 Data extraction from label references (HO)
Package: hycolor 2016/05/16 v1.8 Color options for hyperref/bookmark (HO)
) (/usr/local/texlive/2019/texmf-dist/tex/latex/graphics/keyval.sty
Package: keyval 2014/10/28 v1.15 key=value parser (DPC)
\KV@toks@=\toks14
) (/usr/local/texlive/2019/texmf-dist/tex/latex/oberdiek/auxhook.sty
Package: auxhook 2016/05/16 v1.4 Hooks for auxiliary files (HO)
) (/usr/local/texlive/2019/texmf-dist/tex/latex/oberdiek/kvoptions.sty
Package: kvoptions 2016/05/16 v3.12 Key value format for package options (HO)
)
\@linkdim=\dimen103
\Hy@linkcounter=\count89
\Hy@pagecounter=\count90
 (/usr/local/texlive/2019/texmf-dist/tex/latex/hyperref/pd1enc.def
File: pd1enc.def 2018/11/30 v6.88e Hyperref: PDFDocEncoding definition (HO)
)
\Hy@SavedSpaceFactor=\count91
 (/usr/local/texlive/2019/texmf-dist/tex/latex/latexconfig/hyperref.cfg
File: hyperref.cfg 2002/06/06 v1.2 hyperref configuration of TeXLive
)
Package hyperref Info: Option `bookmarksnumbered' set `true' on input line 4393.
Package hyperref Info: Hyper figures OFF on input line 4519.
Package hyperref Info: Link nesting OFF on input line 4524.
Package hyperref Info: Hyper index ON on input line 4527.
Package hyperref Info: Plain pages OFF on input line 4534.
Package hyperref Info: Backreferencing OFF on input line 4539.
Package hyperref Info: Implicit mode ON; LaTeX internals redefined.
Package hyperref Info: Bookmarks ON on input line 4772.
\c@Hy@tempcnt=\count92
 (/usr/local/texlive/2019/texmf-dist/tex/latex/url/url.sty
\Urlmuskip=\muskip10
Package: url 2013/09/16  ver 3.4  Verb mode for urls, etc.
)
LaTeX Info: Redefining \url on input line 5125.
\XeTeXLinkMargin=\dimen104
\Fld@menulength=\count93
\Field@Width=\dimen105
\Fld@charsize=\dimen106
Package hyperref Info: Hyper figures OFF on input line 6380.
Package hyperref Info: Link nesting OFF on input line 6385.
Package hyperref Info: Hyper index ON on input line 6388.
Package hyperref Info: backreferencing OFF on input line 6395.
Package hyperref Info: Link coloring OFF on input line 6400.
Package hyperref Info: Link coloring with OCG OFF on input line 6405.
Package hyperref Info: PDF/A mode OFF on input line 6410.
LaTeX Info: Redefining \ref on input line 6450.
LaTeX Info: Redefining \pageref on input line 6454.
\Hy@abspage=\count94
\c@Item=\count95
\c@Hfootnote=\count96
)
Package hyperref Info: Driver (autodetected): hxetex.
 (/usr/local/texlive/2019/texmf-dist/tex/latex/hyperref/hxetex.def
File: hxetex.def 2018/11/30 v6.88e Hyperref driver for XeTeX
 (/usr/local/texlive/2019/texmf-dist/tex/latex/hyperref/puenc.def
File: puenc.def 2018/11/30 v6.88e Hyperref: PDF Unicode definition (HO)
) (/usr/local/texlive/2019/texmf-dist/tex/generic/oberdiek/stringenc.sty
Package: stringenc 2016/05/16 v1.11 Convert strings between diff. encodings (HO)
)
\pdfm@box=\box27
\c@Hy@AnnotLevel=\count97
\HyField@AnnotCount=\count98
\Fld@listcount=\count99
\c@bookmark@seq@number=\count100
 (/usr/local/texlive/2019/texmf-dist/tex/latex/oberdiek/rerunfilecheck.sty
Package: rerunfilecheck 2016/05/16 v1.8 Rerun checks for auxiliary files (HO)
Package uniquecounter Info: New unique counter `rerunfilecheck' on input line 282.
)
\Hy@SectionHShift=\skip43
) (./NKThesis.sty
Package: NKThesis 2016/10/12
 (/usr/local/texlive/2019/texmf-dist/tex/xelatex/xecjk/xeCJK.sty (/usr/local/texlive/2019/texmf-dist/tex/latex/l3kernel/expl3.sty
Package: expl3 2019-05-07 L3 programming layer (loader) 
 (/usr/local/texlive/2019/texmf-dist/tex/latex/l3kernel/expl3-code.tex
Package: expl3 2019-05-07 L3 programming layer (code)
\c_max_int=\count101
\l_tmpa_int=\count102
\l_tmpb_int=\count103
\g_tmpa_int=\count104
\g_tmpb_int=\count105
\g__kernel_prg_map_int=\count106
\c__ior_term_ior=\count107
\c_log_iow=\count108
\l_iow_line_count_int=\count109
\l__iow_line_target_int=\count110
\l__iow_one_indent_int=\count111
\l__iow_indent_int=\count112
\c_zero_dim=\dimen107
\c_max_dim=\dimen108
\l_tmpa_dim=\dimen109
\l_tmpb_dim=\dimen110
\g_tmpa_dim=\dimen111
\g_tmpb_dim=\dimen112
\c_zero_skip=\skip44
\c_max_skip=\skip45
\l_tmpa_skip=\skip46
\l_tmpb_skip=\skip47
\g_tmpa_skip=\skip48
\g_tmpb_skip=\skip49
\c_zero_muskip=\muskip11
\c_max_muskip=\muskip12
\l_tmpa_muskip=\muskip13
\l_tmpb_muskip=\muskip14
\g_tmpa_muskip=\muskip15
\g_tmpb_muskip=\muskip16
\l_keys_choice_int=\count113
\l__intarray_loop_int=\count114
\c__intarray_sp_dim=\dimen113
\g__intarray_font_int=\count115
\c__fp_leading_shift_int=\count116
\c__fp_middle_shift_int=\count117
\c__fp_trailing_shift_int=\count118
\c__fp_big_leading_shift_int=\count119
\c__fp_big_middle_shift_int=\count120
\c__fp_big_trailing_shift_int=\count121
\c__fp_Bigg_leading_shift_int=\count122
\c__fp_Bigg_middle_shift_int=\count123
\c__fp_Bigg_trailing_shift_int=\count124
\g__fp_array_int=\count125
\l__fp_array_loop_int=\count126
\l__sort_length_int=\count127
\l__sort_min_int=\count128
\l__sort_top_int=\count129
\l__sort_max_int=\count130
\l__sort_true_max_int=\count131
\l__sort_block_int=\count132
\l__sort_begin_int=\count133
\l__sort_end_int=\count134
\l__sort_A_int=\count135
\l__sort_B_int=\count136
\l__sort_C_int=\count137
\l__tl_analysis_normal_int=\count138
\l__tl_analysis_index_int=\count139
\l__tl_analysis_nesting_int=\count140
\l__tl_analysis_type_int=\count141
\l__regex_internal_a_int=\count142
\l__regex_internal_b_int=\count143
\l__regex_internal_c_int=\count144
\l__regex_balance_int=\count145
\l__regex_group_level_int=\count146
\l__regex_mode_int=\count147
\c__regex_cs_in_class_mode_int=\count148
\c__regex_cs_mode_int=\count149
\l__regex_catcodes_int=\count150
\l__regex_default_catcodes_int=\count151
\c__regex_catcode_L_int=\count152
\c__regex_catcode_O_int=\count153
\c__regex_catcode_A_int=\count154
\c__regex_all_catcodes_int=\count155
\l__regex_show_lines_int=\count156
\l__regex_min_state_int=\count157
\l__regex_max_state_int=\count158
\l__regex_left_state_int=\count159
\l__regex_right_state_int=\count160
\l__regex_capturing_group_int=\count161
\l__regex_min_pos_int=\count162
\l__regex_max_pos_int=\count163
\l__regex_curr_pos_int=\count164
\l__regex_start_pos_int=\count165
\l__regex_success_pos_int=\count166
\l__regex_curr_char_int=\count167
\l__regex_curr_catcode_int=\count168
\l__regex_last_char_int=\count169
\l__regex_case_changed_char_int=\count170
\l__regex_curr_state_int=\count171
\l__regex_step_int=\count172
\l__regex_min_active_int=\count173
\l__regex_max_active_int=\count174
\l__regex_replacement_csnames_int=\count175
\l__regex_match_count_int=\count176
\l__regex_min_submatch_int=\count177
\l__regex_submatch_int=\count178
\l__regex_zeroth_submatch_int=\count179
\g__regex_trace_regex_int=\count180
\c_empty_box=\box28
\l_tmpa_box=\box29
\l_tmpb_box=\box30
\g_tmpa_box=\box31
\g_tmpb_box=\box32
\l__box_top_dim=\dimen114
\l__box_bottom_dim=\dimen115
\l__box_left_dim=\dimen116
\l__box_right_dim=\dimen117
\l__box_top_new_dim=\dimen118
\l__box_bottom_new_dim=\dimen119
\l__box_left_new_dim=\dimen120
\l__box_right_new_dim=\dimen121
\l__box_internal_box=\box33
\l__coffin_internal_box=\box34
\l__coffin_internal_dim=\dimen122
\l__coffin_offset_x_dim=\dimen123
\l__coffin_offset_y_dim=\dimen124
\l__coffin_x_dim=\dimen125
\l__coffin_y_dim=\dimen126
\l__coffin_x_prime_dim=\dimen127
\l__coffin_y_prime_dim=\dimen128
\c_empty_coffin=\box35
\l__coffin_aligned_coffin=\box36
\l__coffin_aligned_internal_coffin=\box37
\l_tmpa_coffin=\box38
\l_tmpb_coffin=\box39
\g_tmpa_coffin=\box40
\g_tmpb_coffin=\box41
\l__coffin_bounding_shift_dim=\dimen129
\l__coffin_left_corner_dim=\dimen130
\l__coffin_right_corner_dim=\dimen131
\l__coffin_bottom_corner_dim=\dimen132
\l__coffin_top_corner_dim=\dimen133
\l__coffin_scaled_total_height_dim=\dimen134
\l__coffin_scaled_width_dim=\dimen135
\c__coffin_empty_coffin=\box42
\l__coffin_display_coffin=\box43
\l__coffin_display_coord_coffin=\box44
\l__coffin_display_pole_coffin=\box45
\l__coffin_display_offset_dim=\dimen136
\l__coffin_display_x_dim=\dimen137
\l__coffin_display_y_dim=\dimen138
\g__file_internal_ior=\read1
\l__seq_internal_a_int=\count181
\l__seq_internal_b_int=\count182
\c__deprecation_minus_one=\count183
) (/usr/local/texlive/2019/texmf-dist/tex/latex/l3kernel/l3xdvipdfmx.def
File: l3xdvipdfmx.def 2019-04-06 v L3 Experimental driver: xdvipdfmx
\g__driver_image_int=\count184
\l__driver_pdf_tmp_box=\box46
\g__driver_pdf_object_int=\count185
\g__driver_pdf_annotation_int=\count186
))
Package: xeCJK 2019/04/07 v3.7.2 Typesetting CJK scripts with XeLaTeX
 (/usr/local/texlive/2019/texmf-dist/tex/latex/l3packages/xtemplate/xtemplate.sty
Package: xtemplate 2019-05-03 L3 Experimental prototype document functions
\l__xtemplate_tmp_dim=\dimen139
\l__xtemplate_tmp_int=\count187
\l__xtemplate_tmp_muskip=\muskip17
\l__xtemplate_tmp_skip=\skip50
) (/usr/local/texlive/2019/texmf-dist/tex/latex/l3packages/xparse/xparse.sty
Package: xparse 2019-05-03 L3 Experimental document command parser
\l__xparse_current_arg_int=\count188
\g__xparse_grabber_int=\count189
\l__xparse_m_args_int=\count190
\l__xparse_v_nesting_int=\count191
) (/usr/local/texlive/2019/texmf-dist/tex/latex/l3packages/l3keys2e/l3keys2e.sty
Package: l3keys2e 2019-05-03 LaTeX2e option processing using LaTeX3 keys
)
\l__xeCJK_tmp_int=\count192
\l__xeCJK_tmp_box=\box47
\l__xeCJK_tmp_dim=\dimen140
\l__xeCJK_tmp_skip=\skip51
\g__xeCJK_space_factor_int=\count193
\l__xeCJK_begin_int=\count194
\l__xeCJK_end_int=\count195
\c__xeCJK_CJK_class_int=\XeTeXcharclass1
\c__xeCJK_FullLeft_class_int=\XeTeXcharclass2
\c__xeCJK_FullRight_class_int=\XeTeXcharclass3
\c__xeCJK_HalfLeft_class_int=\XeTeXcharclass4
\c__xeCJK_HalfRight_class_int=\XeTeXcharclass5
\c__xeCJK_NormalSpace_class_int=\XeTeXcharclass6
\c__xeCJK_CM_class_int=\XeTeXcharclass7
\c__xeCJK_HangulJamo_class_int=\XeTeXcharclass8
\l__xeCJK_last_skip=\skip52
\g__xeCJK_node_int=\count196
\c__xeCJK_CJK_node_dim=\dimen141
\c__xeCJK_CJK-space_node_dim=\dimen142
\c__xeCJK_default_node_dim=\dimen143
\c__xeCJK_default-space_node_dim=\dimen144
\c__xeCJK_CJK-widow_node_dim=\dimen145
\c__xeCJK_normalspace_node_dim=\dimen146
\l__xeCJK_ccglue_skip=\skip53
\l__xeCJK_ecglue_skip=\skip54
\l__xeCJK_punct_kern_skip=\skip55
\l__xeCJK_last_penalty_int=\count197
\l__xeCJK_last_bound_dim=\dimen147
\l__xeCJK_last_kern_dim=\dimen148
\l__xeCJK_widow_penalty_int=\count198

Package xtemplate Info: Declaring object type 'xeCJK/punctuation' taking 0
(xtemplate)             argument(s) on line 2352.

\l__xeCJK_fixed_punct_width_dim=\dimen149
\l__xeCJK_mixed_punct_width_dim=\dimen150
\l__xeCJK_middle_punct_width_dim=\dimen151
\l__xeCJK_fixed_margin_width_dim=\dimen152
\l__xeCJK_mixed_margin_width_dim=\dimen153
\l__xeCJK_middle_margin_width_dim=\dimen154
\l__xeCJK_bound_punct_width_dim=\dimen155
\l__xeCJK_bound_margin_width_dim=\dimen156
\l__xeCJK_margin_minimum_dim=\dimen157
\l__xeCJK_kerning_total_width_dim=\dimen158
\l__xeCJK_same_align_margin_dim=\dimen159
\l__xeCJK_different_align_margin_dim=\dimen160
\l__xeCJK_kerning_margin_width_dim=\dimen161
\l__xeCJK_kerning_margin_minimum_dim=\dimen162
\l__xeCJK_bound_dim=\dimen163
\l__xeCJK_reverse_bound_dim=\dimen164
\l__xeCJK_minimum_bound_dim=\dimen165
\l__xeCJK_kerning_margin_dim=\dimen166
\l__xeCJK_original_margin_dim=\dimen167
\g__xeCJK_family_int=\count199
\l__xeCJK_fam_int=\count266
\g__xeCJK_fam_allocation_int=\count267
\l__xeCJK_verb_case_int=\count268
\l__xeCJK_verb_exspace_skip=\skip56
 (/usr/local/texlive/2019/texmf-dist/tex/latex/fontspec/fontspec.sty
Package: fontspec 2019/03/15 v2.7c Font selection for XeLaTeX and LuaLaTeX
 (/usr/local/texlive/2019/texmf-dist/tex/latex/fontspec/fontspec-xetex.sty
Package: fontspec-xetex 2019/03/15 v2.7c Font selection for XeLaTeX and LuaLaTeX
\l__fontspec_script_int=\count269
\l__fontspec_language_int=\count270
\l__fontspec_strnum_int=\count271
\l__fontspec_tmp_int=\count272
\l__fontspec_tmpa_int=\count273
\l__fontspec_tmpb_int=\count274
\l__fontspec_tmpc_int=\count275
\l__fontspec_em_int=\count276
\l__fontspec_emdef_int=\count277
\l__fontspec_strong_int=\count278
\l__fontspec_strongdef_int=\count279
\l__fontspec_tmpa_dim=\dimen168
\l__fontspec_tmpb_dim=\dimen169
\l__fontspec_tmpc_dim=\dimen170
 (/usr/local/texlive/2019/texmf-dist/tex/latex/base/fontenc.sty
Package: fontenc 2018/08/11 v2.0j Standard LaTeX package
 (/usr/local/texlive/2019/texmf-dist/tex/latex/base/tuenc.def
File: tuenc.def 2018/08/11 v2.0j Standard LaTeX file
LaTeX Font Info:    Redeclaring font encoding TU on input line 82.
)) (/usr/local/texlive/2019/texmf-dist/tex/latex/fontspec/fontspec.cfg)
LaTeX Info: Redefining \itshape on input line 4051.
LaTeX Info: Redefining \slshape on input line 4056.
LaTeX Info: Redefining \scshape on input line 4061.
LaTeX Info: Redefining \upshape on input line 4066.
LaTeX Info: Redefining \em on input line 4096.
LaTeX Info: Redefining \emph on input line 4121.
)) (/usr/local/texlive/2019/texmf-dist/tex/xelatex/xecjk/xeCJK.cfg
File: xeCJK.cfg 2019/04/07 v3.7.2 Configuration file for xeCJK package
)) (/usr/local/texlive/2019/texmf-dist/tex/latex/cjk/texinput/CJKnumb.sty
Package: CJKnumb 2015/04/18 4.8.4
\CJK@q=\count280
\CJK@r=\count281
) (/usr/local/texlive/2019/texmf-dist/tex/latex/graphics/graphicx.sty
Package: graphicx 2017/06/01 v1.1a Enhanced LaTeX Graphics (DPC,SPQR)
 (/usr/local/texlive/2019/texmf-dist/tex/latex/graphics/graphics.sty
Package: graphics 2017/06/25 v1.2c Standard LaTeX Graphics (DPC,SPQR)
 (/usr/local/texlive/2019/texmf-dist/tex/latex/graphics/trig.sty
Package: trig 2016/01/03 v1.10 sin cos tan (DPC)
) (/usr/local/texlive/2019/texmf-dist/tex/latex/graphics-cfg/graphics.cfg
File: graphics.cfg 2016/06/04 v1.11 sample graphics configuration
)
Package graphics Info: Driver file: xetex.def on input line 99.
 (/usr/local/texlive/2019/texmf-dist/tex/latex/graphics-def/xetex.def
File: xetex.def 2017/06/24 v5.0h Graphics/color driver for xetex
))
\Gin@req@height=\dimen171
\Gin@req@width=\dimen172
) (/usr/local/texlive/2019/texmf-dist/tex/latex/psnfss/mathptmx.sty
Package: mathptmx 2005/04/12 PSNFSS-v9.2a Times w/ Math, improved (SPQR, WaS) 
LaTeX Font Info:    Redeclaring symbol font `operators' on input line 28.
LaTeX Font Info:    Overwriting symbol font `operators' in version `normal'
(Font)                  OT1/cmr/m/n --> OT1/ztmcm/m/n on input line 28.
LaTeX Font Info:    Overwriting symbol font `operators' in version `bold'
(Font)                  OT1/cmr/bx/n --> OT1/ztmcm/m/n on input line 28.
LaTeX Font Info:    Redeclaring symbol font `letters' on input line 29.
LaTeX Font Info:    Overwriting symbol font `letters' in version `normal'
(Font)                  OML/cmm/m/it --> OML/ztmcm/m/it on input line 29.
LaTeX Font Info:    Overwriting symbol font `letters' in version `bold'
(Font)                  OML/cmm/b/it --> OML/ztmcm/m/it on input line 29.
LaTeX Font Info:    Redeclaring symbol font `symbols' on input line 30.
LaTeX Font Info:    Overwriting symbol font `symbols' in version `normal'
(Font)                  OMS/cmsy/m/n --> OMS/ztmcm/m/n on input line 30.
LaTeX Font Info:    Overwriting symbol font `symbols' in version `bold'
(Font)                  OMS/cmsy/b/n --> OMS/ztmcm/m/n on input line 30.
LaTeX Font Info:    Redeclaring symbol font `largesymbols' on input line 31.
LaTeX Font Info:    Overwriting symbol font `largesymbols' in version `normal'
(Font)                  OMX/cmex/m/n --> OMX/ztmcm/m/n on input line 31.
LaTeX Font Info:    Overwriting symbol font `largesymbols' in version `bold'
(Font)                  OMX/cmex/m/n --> OMX/ztmcm/m/n on input line 31.
\symbold=\mathgroup4
\symitalic=\mathgroup5
LaTeX Font Info:    Redeclaring math alphabet \mathbf on input line 34.
LaTeX Font Info:    Overwriting math alphabet `\mathbf' in version `normal'
(Font)                  OT1/cmr/bx/n --> OT1/ptm/bx/n on input line 34.
LaTeX Font Info:    Overwriting math alphabet `\mathbf' in version `bold'
(Font)                  OT1/cmr/bx/n --> OT1/ptm/bx/n on input line 34.
LaTeX Font Info:    Redeclaring math alphabet \mathit on input line 35.
LaTeX Font Info:    Overwriting math alphabet `\mathit' in version `normal'
(Font)                  OT1/cmr/m/it --> OT1/ptm/m/it on input line 35.
LaTeX Font Info:    Overwriting math alphabet `\mathit' in version `bold'
(Font)                  OT1/cmr/bx/it --> OT1/ptm/m/it on input line 35.
LaTeX Info: Redefining \hbar on input line 50.
)
LaTeX Font Info:    Redeclaring math alphabet \mathcal on input line 118.
\NKTtemp@dim@a=\dimen173
\npnumwidth=\dimen174
\tocchaptertitlewidth=\dimen175
\tocsectiontitlewidth=\dimen176
\tocsubsectiontitlewidth=\dimen177
\NKT@tempdim=\dimen178
\NKT@itemcnt=\count282


Package xeCJK Warning: Unknown CJK family `\CJKrmdefault' is being ignored.
(xeCJK)                
(xeCJK)                Try to use `\setCJKmainfont[...]{...}' to define it.

LaTeX Font Info:    Try loading font information for TU+ptm on input line 878.
LaTeX Font Info:    No file TUptm.fd. on input line 878.

LaTeX Font Warning: Font shape `TU/ptm/m/n' undefined
(Font)              using `TU/lmr/m/n' instead on input line 878.


Package fontspec Info: Font family 'simsun.ttf(0)' created for font
(fontspec)             'simsun.ttf' with options
(fontspec)             [Script={CJK},Path={fonts/},BoldFont={simhei.ttf},ItalicFont={simkai.ttf}].
(fontspec)              
(fontspec)              This font family consists of the following NFSS
(fontspec)             series/shapes:
(fontspec)              
(fontspec)             - 'normal' (m/n) with NFSS spec.:
(fontspec)             <->"[fonts/simsun.ttf]/OT:script=hani;language=DFLT;"
(fontspec)             - 'small caps'  (m/sc) with NFSS spec.: 
(fontspec)             - 'bold' (bx/n) with NFSS spec.:
(fontspec)             <->"[fonts/simhei.ttf]/OT:script=hani;language=DFLT;"
(fontspec)             - 'bold small caps'  (bx/sc) with NFSS spec.: 
(fontspec)             - 'italic' (m/it) with NFSS spec.:
(fontspec)             <->"[fonts/simkai.ttf]/OT:script=hani;language=DFLT;"
(fontspec)             - 'italic small caps'  (m/itsc) with NFSS spec.: 


Package fontspec Info: Font family '[simhei](0)' created for font '[simhei]'
(fontspec)             with options [].
(fontspec)              
(fontspec)              This font family consists of the following NFSS
(fontspec)             series/shapes:
(fontspec)              
(fontspec)             - 'normal' (m/n) with NFSS spec.: <->"[simhei]/OT"
(fontspec)             - 'small caps'  (m/sc) with NFSS spec.: 
(fontspec)             - 'bold' (bx/n) with NFSS spec.: <->"[simhei]/B/OT"
(fontspec)             - 'bold small caps'  (bx/sc) with NFSS spec.: 
(fontspec)             - 'italic' (m/it) with NFSS spec.: <->"[simhei]/I/OT"
(fontspec)             - 'italic small caps'  (m/itsc) with NFSS spec.: 
(fontspec)             - 'bold italic' (bx/it) with NFSS spec.:
(fontspec)             <->"[simhei]/BI/OT"
(fontspec)             - 'bold italic small caps'  (bx/itsc) with NFSS spec.: 


Package fontspec Info: Font family 'times.ttf(0)' created for font 'times.ttf'
(fontspec)             with options
(fontspec)             [Ligatures=TeX,BoldFont=timesbd.ttf,ItalicFont=timesi.ttf,BoldItalicFont=timesbi.ttf,Path=fonts/].
(fontspec)              
(fontspec)              This font family consists of the following NFSS
(fontspec)             series/shapes:
(fontspec)              
(fontspec)             - 'normal' (m/n) with NFSS spec.:
(fontspec)             <->"[fonts/times.ttf]/OT:mapping=tex-text;"
(fontspec)             - 'small caps'  (m/sc) with NFSS spec.: 
(fontspec)             - 'bold' (bx/n) with NFSS spec.:
(fontspec)             <->"[fonts/timesbd.ttf]/OT:mapping=tex-text;"
(fontspec)             - 'bold small caps'  (bx/sc) with NFSS spec.: 
(fontspec)             - 'italic' (m/it) with NFSS spec.:
(fontspec)             <->"[fonts/timesi.ttf]/OT:mapping=tex-text;"
(fontspec)             - 'italic small caps'  (m/itsc) with NFSS spec.: 
(fontspec)             - 'bold italic' (bx/it) with NFSS spec.:
(fontspec)             <->"[fonts/timesbi.ttf]/OT:mapping=tex-text;"
(fontspec)             - 'bold italic small caps'  (bx/itsc) with NFSS spec.: 

LaTeX Info: Redefining \rmfamily on input line 890.

Package fontspec Info: Font family 'TimesNewRoman(0)' created for font 'Times
(fontspec)             New Roman' with options [Ligatures=TeX].
(fontspec)              
(fontspec)              This font family consists of the following NFSS
(fontspec)             series/shapes:
(fontspec)              
(fontspec)             - 'normal' (m/n) with NFSS spec.: <->"Times New
(fontspec)             Roman/OT:script=latn;language=DFLT;mapping=tex-text;"
(fontspec)             - 'small caps'  (m/sc) with NFSS spec.: 
(fontspec)             - 'bold' (bx/n) with NFSS spec.: <->"Times New
(fontspec)             Roman/B/OT:script=latn;language=DFLT;mapping=tex-text;"
(fontspec)             - 'bold small caps'  (bx/sc) with NFSS spec.: 
(fontspec)             - 'italic' (m/it) with NFSS spec.: <->"Times New
(fontspec)             Roman/I/OT:script=latn;language=DFLT;mapping=tex-text;"
(fontspec)             - 'italic small caps'  (m/itsc) with NFSS spec.: 
(fontspec)             - 'bold italic' (bx/it) with NFSS spec.: <->"Times New
(fontspec)             Roman/BI/OT:script=latn;language=DFLT;mapping=tex-text;"
(fontspec)             - 'bold italic small caps'  (bx/itsc) with NFSS spec.: 

LaTeX Info: Redefining \rmfamily on input line 891.
) (/usr/local/texlive/2019/texmf-dist/tex/latex/amsfonts/amssymb.sty
Package: amssymb 2013/01/14 v3.01 AMS font symbols
 (/usr/local/texlive/2019/texmf-dist/tex/latex/amsfonts/amsfonts.sty
Package: amsfonts 2013/01/14 v3.01 Basic AMSFonts support
\@emptytoks=\toks15
\symAMSa=\mathgroup6
\symAMSb=\mathgroup7
LaTeX Font Info:    Overwriting math alphabet `\mathfrak' in version `bold'
(Font)                  U/euf/m/n --> U/euf/b/n on input line 106.
)) (/usr/local/texlive/2019/texmf-dist/tex/latex/biblatex/biblatex.sty
Package: biblatex 2018/11/02 v3.12 programmable bibliographies (PK/MW)
 (/usr/local/texlive/2019/texmf-dist/tex/latex/etoolbox/etoolbox.sty
Package: etoolbox 2018/08/19 v2.5f e-TeX tools for LaTeX (JAW)
\etb@tempcnta=\count283
) (/usr/local/texlive/2019/texmf-dist/tex/latex/logreq/logreq.sty
Package: logreq 2010/08/04 v1.0 xml request logger
\lrq@indent=\count284
 (/usr/local/texlive/2019/texmf-dist/tex/latex/logreq/logreq.def
File: logreq.def 2010/08/04 v1.0 logreq spec v1.0
)) (/usr/local/texlive/2019/texmf-dist/tex/latex/base/ifthen.sty
Package: ifthen 2014/09/29 v1.1c Standard LaTeX ifthen package (DPC)
)
\c@tabx@nest=\count285
\c@listtotal=\count286
\c@listcount=\count287
\c@liststart=\count288
\c@liststop=\count289
\c@citecount=\count290
\c@citetotal=\count291
\c@multicitecount=\count292
\c@multicitetotal=\count293
\c@instcount=\count294
\c@maxnames=\count295
\c@minnames=\count296
\c@maxitems=\count297
\c@minitems=\count298
\c@citecounter=\count299
\c@maxcitecounter=\count300
\c@savedcitecounter=\count301
\c@uniquelist=\count302
\c@uniquename=\count303
\c@refsection=\count304
\c@refsegment=\count305
\c@maxextratitle=\count306
\c@maxextratitleyear=\count307
\c@maxextraname=\count308
\c@maxextradate=\count309
\c@maxextraalpha=\count310
\c@abbrvpenalty=\count311
\c@highnamepenalty=\count312
\c@lownamepenalty=\count313
\c@maxparens=\count314
\c@parenlevel=\count315
\blx@tempcnta=\count316
\blx@tempcntb=\count317
\blx@tempcntc=\count318
\blx@maxsection=\count319
\blx@maxsegment@0=\count320
\blx@notetype=\count321
\blx@parenlevel@text=\count322
\blx@parenlevel@foot=\count323
\blx@sectionciteorder@0=\count324
\blx@entrysetcounter=\count325
\labelnumberwidth=\skip57
\labelalphawidth=\skip58
\biblabelsep=\skip59
\bibitemsep=\skip60
\bibnamesep=\skip61
\bibinitsep=\skip62
\bibparsep=\skip63
\bibhang=\skip64
\blx@bcfin=\read2
\blx@bcfout=\write3
\c@mincomprange=\count326
\c@maxcomprange=\count327
\c@mincompwidth=\count328
Package biblatex Info: Trying to load biblatex default data model...
Package biblatex Info: ... file 'blx-dm.def' found.
 (/usr/local/texlive/2019/texmf-dist/tex/latex/biblatex/blx-dm.def
File: blx-dm.def 2018/11/02 v3.12 biblatex localization (PK/MW)
)
Package biblatex Info: Trying to load biblatex custom data model...
Package biblatex Info: ... file 'biblatex-dm.cfg' not found.
\c@afterword=\count329
\c@savedafterword=\count330
\c@annotator=\count331
\c@savedannotator=\count332
\c@author=\count333
\c@savedauthor=\count334
\c@bookauthor=\count335
\c@savedbookauthor=\count336
\c@commentator=\count337
\c@savedcommentator=\count338
\c@editor=\count339
\c@savededitor=\count340
\c@editora=\count341
\c@savededitora=\count342
\c@editorb=\count343
\c@savededitorb=\count344
\c@editorc=\count345
\c@savededitorc=\count346
\c@foreword=\count347
\c@savedforeword=\count348
\c@holder=\count349
\c@savedholder=\count350
\c@introduction=\count351
\c@savedintroduction=\count352
\c@namea=\count353
\c@savednamea=\count354
\c@nameb=\count355
\c@savednameb=\count356
\c@namec=\count357
\c@savednamec=\count358
\c@translator=\count359
\c@savedtranslator=\count360
\c@shortauthor=\count361
\c@savedshortauthor=\count362
\c@shorteditor=\count363
\c@savedshorteditor=\count364
\c@labelname=\count365
\c@savedlabelname=\count366
\c@institution=\count367
\c@savedinstitution=\count368
\c@lista=\count369
\c@savedlista=\count370
\c@listb=\count371
\c@savedlistb=\count372
\c@listc=\count373
\c@savedlistc=\count374
\c@listd=\count375
\c@savedlistd=\count376
\c@liste=\count377
\c@savedliste=\count378
\c@listf=\count379
\c@savedlistf=\count380
\c@location=\count381
\c@savedlocation=\count382
\c@organization=\count383
\c@savedorganization=\count384
\c@origlocation=\count385
\c@savedoriglocation=\count386
\c@origpublisher=\count387
\c@savedorigpublisher=\count388
\c@publisher=\count389
\c@savedpublisher=\count390
\c@language=\count391
\c@savedlanguage=\count392
\c@origlanguage=\count393
\c@savedoriglanguage=\count394
\c@pageref=\count395
\c@savedpageref=\count396
\shorthandwidth=\skip65
\shortjournalwidth=\skip66
\shortserieswidth=\skip67
\shorttitlewidth=\skip68
\shortauthorwidth=\skip69
\shorteditorwidth=\skip70
\locallabelnumberwidth=\skip71
\locallabelalphawidth=\skip72
\localshorthandwidth=\skip73
\localshortjournalwidth=\skip74
\localshortserieswidth=\skip75
\localshorttitlewidth=\skip76
\localshortauthorwidth=\skip77
\localshorteditorwidth=\skip78
Package biblatex Info: Trying to load enhanced support for Unicode engines...
Package biblatex Info: ... file 'blx-unicode.def' found.
 (/usr/local/texlive/2019/texmf-dist/tex/latex/biblatex/blx-unicode.def)
Package biblatex Info: Trying to load compatibility code...
Package biblatex Info: ... file 'blx-compat.def' found.
 (/usr/local/texlive/2019/texmf-dist/tex/latex/biblatex/blx-compat.def
File: blx-compat.def 2018/11/02 v3.12 biblatex compatibility (PK/MW)
)
Package biblatex Info: Trying to load generic definitions...
Package biblatex Info: ... file 'biblatex.def' found.
 (/usr/local/texlive/2019/texmf-dist/tex/latex/biblatex/biblatex.def
File: biblatex.def 2018/11/02 v3.12 biblatex compatibility (PK/MW)
\c@textcitecount=\count397
\c@textcitetotal=\count398
\c@textcitemaxnames=\count399
\c@biburlnumpenalty=\count400
\c@biburlucpenalty=\count401
\c@biburllcpenalty=\count402
\c@smartand=\count403
)
Package biblatex Info: Trying to load bibliography style 'numeric'...
Package biblatex Info: ... file 'numeric.bbx' found.
 (/usr/local/texlive/2019/texmf-dist/tex/latex/biblatex/bbx/numeric.bbx
File: numeric.bbx 2018/11/02 v3.12 biblatex bibliography style (PK/MW)
Package biblatex Info: Trying to load bibliography style 'standard'...
Package biblatex Info: ... file 'standard.bbx' found.
 (/usr/local/texlive/2019/texmf-dist/tex/latex/biblatex/bbx/standard.bbx
File: standard.bbx 2018/11/02 v3.12 biblatex bibliography style (PK/MW)
\c@bbx:relatedcount=\count404
\c@bbx:relatedtotal=\count405
))
Package biblatex Info: Trying to load citation style 'numeric'...
Package biblatex Info: ... file 'numeric.cbx' found.
 (/usr/local/texlive/2019/texmf-dist/tex/latex/biblatex/cbx/numeric.cbx
File: numeric.cbx 2018/11/02 v3.12 biblatex citation style (PK/MW)
Package biblatex Info: Redefining '\cite'.
Package biblatex Info: Redefining '\parencite'.
Package biblatex Info: Redefining '\footcite'.
Package biblatex Info: Redefining '\footcitetext'.
Package biblatex Info: Redefining '\smartcite'.
Package biblatex Info: Redefining '\supercite'.
Package biblatex Info: Redefining '\textcite'.
Package biblatex Info: Redefining '\textcites'.
Package biblatex Info: Redefining '\cites'.
Package biblatex Info: Redefining '\parencites'.
Package biblatex Info: Redefining '\smartcites'.
)
Package biblatex Info: Trying to load configuration file...
Package biblatex Info: ... file 'biblatex.cfg' found.
 (/usr/local/texlive/2019/texmf-dist/tex/latex/biblatex/biblatex.cfg
File: biblatex.cfg 
))
Package hyperref Info: Option `colorlinks' set `true' on input line 22.
 (/usr/local/texlive/2019/texmf-dist/tex/latex/amsmath/amsmath.sty
Package: amsmath 2018/12/01 v2.17b AMS math features
\@mathmargin=\skip79

For additional information on amsmath, use the `?' option.
(/usr/local/texlive/2019/texmf-dist/tex/latex/amsmath/amstext.sty
Package: amstext 2000/06/29 v2.01 AMS text
 (/usr/local/texlive/2019/texmf-dist/tex/latex/amsmath/amsgen.sty
File: amsgen.sty 1999/11/30 v2.0 generic functions
\@emptytoks=\toks16
\ex@=\dimen179
)) (/usr/local/texlive/2019/texmf-dist/tex/latex/amsmath/amsbsy.sty
Package: amsbsy 1999/11/29 v1.2d Bold Symbols
\pmbraise@=\dimen180
) (/usr/local/texlive/2019/texmf-dist/tex/latex/amsmath/amsopn.sty
Package: amsopn 2016/03/08 v2.02 operator names
)
\inf@bad=\count406
LaTeX Info: Redefining \frac on input line 223.
\uproot@=\count407
\leftroot@=\count408
LaTeX Info: Redefining \overline on input line 385.
\classnum@=\count409
\DOTSCASE@=\count410
LaTeX Info: Redefining \ldots on input line 482.
LaTeX Info: Redefining \dots on input line 485.
LaTeX Info: Redefining \cdots on input line 606.
\Mathstrutbox@=\box48
\strutbox@=\box49
\big@size=\dimen181
LaTeX Font Info:    Redeclaring font encoding OML on input line 729.
LaTeX Font Info:    Redeclaring font encoding OMS on input line 730.
\macc@depth=\count411
\c@MaxMatrixCols=\count412
\dotsspace@=\muskip18
\c@parentequation=\count413
\dspbrk@lvl=\count414
\tag@help=\toks17
\row@=\count415
\column@=\count416
\maxfields@=\count417
\andhelp@=\toks18
\eqnshift@=\dimen182
\alignsep@=\dimen183
\tagshift@=\dimen184
\tagwidth@=\dimen185
\totwidth@=\dimen186
\lineht@=\dimen187
\@envbody=\toks19
\multlinegap=\skip80
\multlinetaggap=\skip81
\mathdisplay@stack=\toks20
LaTeX Info: Redefining \[ on input line 2844.
LaTeX Info: Redefining \] on input line 2845.
) (/usr/local/texlive/2019/texmf-dist/tex/latex/booktabs/booktabs.sty
Package: booktabs 2016/04/27 v1.618033 publication quality tables
\heavyrulewidth=\dimen188
\lightrulewidth=\dimen189
\cmidrulewidth=\dimen190
\belowrulesep=\dimen191
\belowbottomsep=\dimen192
\aboverulesep=\dimen193
\abovetopsep=\dimen194
\cmidrulesep=\dimen195
\cmidrulekern=\dimen196
\defaultaddspace=\dimen197
\@cmidla=\count418
\@cmidlb=\count419
\@aboverulesep=\dimen198
\@belowrulesep=\dimen199
\@thisruleclass=\count420
\@lastruleclass=\count421
\@thisrulewidth=\dimen256
) (/usr/local/texlive/2019/texmf-dist/tex/latex/multirow/multirow.sty
Package: multirow 2019/01/01 v2.4 Span multiple rows of a table
\multirow@colwidth=\skip82
\multirow@cntb=\count422
\multirow@dima=\skip83
\bigstrutjot=\dimen257
) (/usr/local/texlive/2019/texmf-dist/tex/latex/pgfplots/pgfplots.sty (/usr/local/texlive/2019/texmf-dist/tex/generic/pgfplots/pgfplots.revision.tex)
Package: pgfplots 2018/03/28 v1.16 Data Visualization (1.16)
 (/usr/local/texlive/2019/texmf-dist/tex/latex/pgf/frontendlayer/tikz.sty (/usr/local/texlive/2019/texmf-dist/tex/latex/pgf/basiclayer/pgf.sty (/usr/local/texlive/2019/texmf-dist/tex/latex/pgf/utilities/pgfrcs.sty (/usr/local/texlive/2019/texmf-dist/tex/generic/pgf/utilities/pgfutil-common.tex
\pgfutil@everybye=\toks21
\pgfutil@tempdima=\dimen258
\pgfutil@tempdimb=\dimen259
 (/usr/local/texlive/2019/texmf-dist/tex/generic/pgf/utilities/pgfutil-common-lists.tex)) (/usr/local/texlive/2019/texmf-dist/tex/generic/pgf/utilities/pgfutil-latex.def
\pgfutil@abb=\box50
 (/usr/local/texlive/2019/texmf-dist/tex/latex/ms/everyshi.sty
Package: everyshi 2001/05/15 v3.00 EveryShipout Package (MS)
)) (/usr/local/texlive/2019/texmf-dist/tex/generic/pgf/utilities/pgfrcs.code.tex (/usr/local/texlive/2019/texmf-dist/tex/generic/pgf/pgf.revision.tex)
Package: pgfrcs 2019/04/04 v3.1.2 (3.1.2)
))
Package: pgf 2019/04/04 v3.1.2 (3.1.2)
 (/usr/local/texlive/2019/texmf-dist/tex/latex/pgf/basiclayer/pgfcore.sty (/usr/local/texlive/2019/texmf-dist/tex/latex/pgf/systemlayer/pgfsys.sty (/usr/local/texlive/2019/texmf-dist/tex/generic/pgf/systemlayer/pgfsys.code.tex
Package: pgfsys 2019/04/04 v3.1.2 (3.1.2)
 (/usr/local/texlive/2019/texmf-dist/tex/generic/pgf/utilities/pgfkeys.code.tex
\pgfkeys@pathtoks=\toks22
\pgfkeys@temptoks=\toks23
 (/usr/local/texlive/2019/texmf-dist/tex/generic/pgf/utilities/pgfkeysfiltered.code.tex
\pgfkeys@tmptoks=\toks24
))
\pgf@x=\dimen260
\pgf@y=\dimen261
\pgf@xa=\dimen262
\pgf@ya=\dimen263
\pgf@xb=\dimen264
\pgf@yb=\dimen265
\pgf@xc=\dimen266
\pgf@yc=\dimen267
\w@pgf@writea=\write4
\r@pgf@reada=\read3
\c@pgf@counta=\count423
\c@pgf@countb=\count424
\c@pgf@countc=\count425
\c@pgf@countd=\count426
\t@pgf@toka=\toks25
\t@pgf@tokb=\toks26
\t@pgf@tokc=\toks27
\pgf@sys@id@count=\count427
 (/usr/local/texlive/2019/texmf-dist/tex/generic/pgf/systemlayer/pgf.cfg
File: pgf.cfg 2019/04/04 v3.1.2 (3.1.2)
)
Driver file for pgf: pgfsys-xetex.def
 (/usr/local/texlive/2019/texmf-dist/tex/generic/pgf/systemlayer/pgfsys-xetex.def
File: pgfsys-xetex.def 2019/04/04 v3.1.2 (3.1.2)
 (/usr/local/texlive/2019/texmf-dist/tex/generic/pgf/systemlayer/pgfsys-dvipdfmx.def
File: pgfsys-dvipdfmx.def 2019/04/04 v3.1.2 (3.1.2)
 (/usr/local/texlive/2019/texmf-dist/tex/generic/pgf/systemlayer/pgfsys-common-pdf.def
File: pgfsys-common-pdf.def 2019/04/04 v3.1.2 (3.1.2)
)
\pgfsys@objnum=\count428
))) (/usr/local/texlive/2019/texmf-dist/tex/generic/pgf/systemlayer/pgfsyssoftpath.code.tex
File: pgfsyssoftpath.code.tex 2019/04/04 v3.1.2 (3.1.2)
\pgfsyssoftpath@smallbuffer@items=\count429
\pgfsyssoftpath@bigbuffer@items=\count430
) (/usr/local/texlive/2019/texmf-dist/tex/generic/pgf/systemlayer/pgfsysprotocol.code.tex
File: pgfsysprotocol.code.tex 2019/04/04 v3.1.2 (3.1.2)
)) (/usr/local/texlive/2019/texmf-dist/tex/latex/xcolor/xcolor.sty
Package: xcolor 2016/05/11 v2.12 LaTeX color extensions (UK)
 (/usr/local/texlive/2019/texmf-dist/tex/latex/graphics-cfg/color.cfg
File: color.cfg 2016/01/02 v1.6 sample color configuration
)
Package xcolor Info: Driver file: xetex.def on input line 225.
Package xcolor Info: Model `cmy' substituted by `cmy0' on input line 1348.
Package xcolor Info: Model `RGB' extended on input line 1364.
Package xcolor Info: Model `HTML' substituted by `rgb' on input line 1366.
Package xcolor Info: Model `Hsb' substituted by `hsb' on input line 1367.
Package xcolor Info: Model `tHsb' substituted by `hsb' on input line 1368.
Package xcolor Info: Model `HSB' substituted by `hsb' on input line 1369.
Package xcolor Info: Model `Gray' substituted by `gray' on input line 1370.
Package xcolor Info: Model `wave' substituted by `hsb' on input line 1371.
) (/usr/local/texlive/2019/texmf-dist/tex/generic/pgf/basiclayer/pgfcore.code.tex
Package: pgfcore 2019/04/04 v3.1.2 (3.1.2)
 (/usr/local/texlive/2019/texmf-dist/tex/generic/pgf/math/pgfmath.code.tex (/usr/local/texlive/2019/texmf-dist/tex/generic/pgf/math/pgfmathcalc.code.tex (/usr/local/texlive/2019/texmf-dist/tex/generic/pgf/math/pgfmathutil.code.tex) (/usr/local/texlive/2019/texmf-dist/tex/generic/pgf/math/pgfmathparser.code.tex
\pgfmath@dimen=\dimen268
\pgfmath@count=\count431
\pgfmath@box=\box51
\pgfmath@toks=\toks28
\pgfmath@stack@operand=\toks29
\pgfmath@stack@operation=\toks30
) (/usr/local/texlive/2019/texmf-dist/tex/generic/pgf/math/pgfmathfunctions.code.tex (/usr/local/texlive/2019/texmf-dist/tex/generic/pgf/math/pgfmathfunctions.basic.code.tex) (/usr/local/texlive/2019/texmf-dist/tex/generic/pgf/math/pgfmathfunctions.trigonometric.code.tex) (/usr/local/texlive/2019/texmf-dist/tex/generic/pgf/math/pgfmathfunctions.random.code.tex) (/usr/local/texlive/2019/texmf-dist/tex/generic/pgf/math/pgfmathfunctions.comparison.code.tex) (/usr/local/texlive/2019/texmf-dist/tex/generic/pgf/math/pgfmathfunctions.base.code.tex) (/usr/local/texlive/2019/texmf-dist/tex/generic/pgf/math/pgfmathfunctions.round.code.tex) (/usr/local/texlive/2019/texmf-dist/tex/generic/pgf/math/pgfmathfunctions.misc.code.tex) (/usr/local/texlive/2019/texmf-dist/tex/generic/pgf/math/pgfmathfunctions.integerarithmetics.code.tex))) (/usr/local/texlive/2019/texmf-dist/tex/generic/pgf/math/pgfmathfloat.code.tex
\c@pgfmathroundto@lastzeros=\count432
)) (/usr/local/texlive/2019/texmf-dist/tex/generic/pgf/basiclayer/pgfcorepoints.code.tex
File: pgfcorepoints.code.tex 2019/04/04 v3.1.2 (3.1.2)
\pgf@picminx=\dimen269
\pgf@picmaxx=\dimen270
\pgf@picminy=\dimen271
\pgf@picmaxy=\dimen272
\pgf@pathminx=\dimen273
\pgf@pathmaxx=\dimen274
\pgf@pathminy=\dimen275
\pgf@pathmaxy=\dimen276
\pgf@xx=\dimen277
\pgf@xy=\dimen278
\pgf@yx=\dimen279
\pgf@yy=\dimen280
\pgf@zx=\dimen281
\pgf@zy=\dimen282
) (/usr/local/texlive/2019/texmf-dist/tex/generic/pgf/basiclayer/pgfcorepathconstruct.code.tex
File: pgfcorepathconstruct.code.tex 2019/04/04 v3.1.2 (3.1.2)
\pgf@path@lastx=\dimen283
\pgf@path@lasty=\dimen284
) (/usr/local/texlive/2019/texmf-dist/tex/generic/pgf/basiclayer/pgfcorepathusage.code.tex
File: pgfcorepathusage.code.tex 2019/04/04 v3.1.2 (3.1.2)
\pgf@shorten@end@additional=\dimen285
\pgf@shorten@start@additional=\dimen286
) (/usr/local/texlive/2019/texmf-dist/tex/generic/pgf/basiclayer/pgfcorescopes.code.tex
File: pgfcorescopes.code.tex 2019/04/04 v3.1.2 (3.1.2)
\pgfpic=\box52
\pgf@hbox=\box53
\pgf@layerbox@main=\box54
\pgf@picture@serial@count=\count433
) (/usr/local/texlive/2019/texmf-dist/tex/generic/pgf/basiclayer/pgfcoregraphicstate.code.tex
File: pgfcoregraphicstate.code.tex 2019/04/04 v3.1.2 (3.1.2)
\pgflinewidth=\dimen287
) (/usr/local/texlive/2019/texmf-dist/tex/generic/pgf/basiclayer/pgfcoretransformations.code.tex
File: pgfcoretransformations.code.tex 2019/04/04 v3.1.2 (3.1.2)
\pgf@pt@x=\dimen288
\pgf@pt@y=\dimen289
\pgf@pt@temp=\dimen290
) (/usr/local/texlive/2019/texmf-dist/tex/generic/pgf/basiclayer/pgfcorequick.code.tex
File: pgfcorequick.code.tex 2019/04/04 v3.1.2 (3.1.2)
) (/usr/local/texlive/2019/texmf-dist/tex/generic/pgf/basiclayer/pgfcoreobjects.code.tex
File: pgfcoreobjects.code.tex 2019/04/04 v3.1.2 (3.1.2)
) (/usr/local/texlive/2019/texmf-dist/tex/generic/pgf/basiclayer/pgfcorepathprocessing.code.tex
File: pgfcorepathprocessing.code.tex 2019/04/04 v3.1.2 (3.1.2)
) (/usr/local/texlive/2019/texmf-dist/tex/generic/pgf/basiclayer/pgfcorearrows.code.tex
File: pgfcorearrows.code.tex 2019/04/04 v3.1.2 (3.1.2)
\pgfarrowsep=\dimen291
) (/usr/local/texlive/2019/texmf-dist/tex/generic/pgf/basiclayer/pgfcoreshade.code.tex
File: pgfcoreshade.code.tex 2019/04/04 v3.1.2 (3.1.2)
\pgf@max=\dimen292
\pgf@sys@shading@range@num=\count434
\pgf@shadingcount=\count435
) (/usr/local/texlive/2019/texmf-dist/tex/generic/pgf/basiclayer/pgfcoreimage.code.tex
File: pgfcoreimage.code.tex 2019/04/04 v3.1.2 (3.1.2)
 (/usr/local/texlive/2019/texmf-dist/tex/generic/pgf/basiclayer/pgfcoreexternal.code.tex
File: pgfcoreexternal.code.tex 2019/04/04 v3.1.2 (3.1.2)
\pgfexternal@startupbox=\box55
)) (/usr/local/texlive/2019/texmf-dist/tex/generic/pgf/basiclayer/pgfcorelayers.code.tex
File: pgfcorelayers.code.tex 2019/04/04 v3.1.2 (3.1.2)
) (/usr/local/texlive/2019/texmf-dist/tex/generic/pgf/basiclayer/pgfcoretransparency.code.tex
File: pgfcoretransparency.code.tex 2019/04/04 v3.1.2 (3.1.2)
) (/usr/local/texlive/2019/texmf-dist/tex/generic/pgf/basiclayer/pgfcorepatterns.code.tex
File: pgfcorepatterns.code.tex 2019/04/04 v3.1.2 (3.1.2)
) (/usr/local/texlive/2019/texmf-dist/tex/generic/pgf/basiclayer/pgfcorerdf.code.tex
File: pgfcorerdf.code.tex 2019/04/04 v3.1.2 (3.1.2)
))) (/usr/local/texlive/2019/texmf-dist/tex/generic/pgf/modules/pgfmoduleshapes.code.tex
File: pgfmoduleshapes.code.tex 2019/04/04 v3.1.2 (3.1.2)
\pgfnodeparttextbox=\box56
) (/usr/local/texlive/2019/texmf-dist/tex/generic/pgf/modules/pgfmoduleplot.code.tex
File: pgfmoduleplot.code.tex 2019/04/04 v3.1.2 (3.1.2)
) (/usr/local/texlive/2019/texmf-dist/tex/latex/pgf/compatibility/pgfcomp-version-0-65.sty
Package: pgfcomp-version-0-65 2019/04/04 v3.1.2 (3.1.2)
\pgf@nodesepstart=\dimen293
\pgf@nodesepend=\dimen294
) (/usr/local/texlive/2019/texmf-dist/tex/latex/pgf/compatibility/pgfcomp-version-1-18.sty
Package: pgfcomp-version-1-18 2019/04/04 v3.1.2 (3.1.2)
)) (/usr/local/texlive/2019/texmf-dist/tex/latex/pgf/utilities/pgffor.sty (/usr/local/texlive/2019/texmf-dist/tex/latex/pgf/utilities/pgfkeys.sty (/usr/local/texlive/2019/texmf-dist/tex/generic/pgf/utilities/pgfkeys.code.tex)) (/usr/local/texlive/2019/texmf-dist/tex/latex/pgf/math/pgfmath.sty (/usr/local/texlive/2019/texmf-dist/tex/generic/pgf/math/pgfmath.code.tex)) (/usr/local/texlive/2019/texmf-dist/tex/generic/pgf/utilities/pgffor.code.tex
Package: pgffor 2019/04/04 v3.1.2 (3.1.2)
 (/usr/local/texlive/2019/texmf-dist/tex/generic/pgf/math/pgfmath.code.tex)
\pgffor@iter=\dimen295
\pgffor@skip=\dimen296
\pgffor@stack=\toks31
\pgffor@toks=\toks32
)) (/usr/local/texlive/2019/texmf-dist/tex/generic/pgf/frontendlayer/tikz/tikz.code.tex
Package: tikz 2019/04/04 v3.1.2 (3.1.2)
 (/usr/local/texlive/2019/texmf-dist/tex/generic/pgf/libraries/pgflibraryplothandlers.code.tex
File: pgflibraryplothandlers.code.tex 2019/04/04 v3.1.2 (3.1.2)
\pgf@plot@mark@count=\count436
\pgfplotmarksize=\dimen297
)
\tikz@lastx=\dimen298
\tikz@lasty=\dimen299
\tikz@lastxsaved=\dimen300
\tikz@lastysaved=\dimen301
\tikzleveldistance=\dimen302
\tikzsiblingdistance=\dimen303
\tikz@figbox=\box57
\tikz@figbox@bg=\box58
\tikz@tempbox=\box59
\tikz@tempbox@bg=\box60
\tikztreelevel=\count437
\tikznumberofchildren=\count438
\tikznumberofcurrentchild=\count439
\tikz@fig@count=\count440
 (/usr/local/texlive/2019/texmf-dist/tex/generic/pgf/modules/pgfmodulematrix.code.tex
File: pgfmodulematrix.code.tex 2019/04/04 v3.1.2 (3.1.2)
\pgfmatrixcurrentrow=\count441
\pgfmatrixcurrentcolumn=\count442
\pgf@matrix@numberofcolumns=\count443
)
\tikz@expandcount=\count444
 (/usr/local/texlive/2019/texmf-dist/tex/generic/pgf/frontendlayer/tikz/libraries/tikzlibrarytopaths.code.tex
File: tikzlibrarytopaths.code.tex 2019/04/04 v3.1.2 (3.1.2)
))) (/usr/local/texlive/2019/texmf-dist/tex/generic/pgfplots/pgfplots.code.tex (/usr/local/texlive/2019/texmf-dist/tex/generic/pgfplots/pgfplotscore.code.tex
\t@pgfplots@toka=\toks33
\t@pgfplots@tokb=\toks34
\t@pgfplots@tokc=\toks35
\pgfplots@tmpa=\dimen304
\c@pgfplots@coordindex=\count445
\c@pgfplots@scanlineindex=\count446
 (/usr/local/texlive/2019/texmf-dist/tex/generic/pgfplots/sys/pgfplotssysgeneric.code.tex)) (/usr/local/texlive/2019/texmf-dist/tex/generic/pgfplots/libs/pgfplotslibrary.code.tex) (/usr/local/texlive/2019/texmf-dist/tex/generic/pgfplots/oldpgfcompatib/pgfplotsoldpgfsupp_loader.code.tex (/usr/local/texlive/2019/texmf-dist/tex/generic/pgf/libraries/pgflibraryfpu.code.tex)
Package pgfplots: loading complementary arithmetics for your pgf version...
(/usr/local/texlive/2019/texmf-dist/tex/generic/pgfplots/oldpgfcompatib/pgfplotsoldpgfsupp_pgflibraryfpu.code.tex) (/usr/local/texlive/2019/texmf-dist/tex/generic/pgfplots/oldpgfcompatib/pgfplotsoldpgfsupp_pgfmathfloat.code.tex
\c@pgfmathroundto@lastzeros=\count447
)) (/usr/local/texlive/2019/texmf-dist/tex/generic/pgfplots/util/pgfplotsutil.code.tex (/usr/local/texlive/2019/texmf-dist/tex/generic/pgfplots/liststructure/pgfplotsliststructure.code.tex) (/usr/local/texlive/2019/texmf-dist/tex/generic/pgfplots/liststructure/pgfplotsliststructureext.code.tex) (/usr/local/texlive/2019/texmf-dist/tex/generic/pgfplots/liststructure/pgfplotsarray.code.tex
\c@pgfplotsarray@tmp=\count448
) (/usr/local/texlive/2019/texmf-dist/tex/generic/pgfplots/liststructure/pgfplotsmatrix.code.tex) (/usr/local/texlive/2019/texmf-dist/tex/generic/pgfplots/numtable/pgfplotstableshared.code.tex
\c@pgfplotstable@counta=\count449
\t@pgfplotstable@a=\toks36
) (/usr/local/texlive/2019/texmf-dist/tex/generic/pgfplots/liststructure/pgfplotsdeque.code.tex) (/usr/local/texlive/2019/texmf-dist/tex/generic/pgfplots/util/pgfplotsbinary.code.tex (/usr/local/texlive/2019/texmf-dist/tex/generic/pgfplots/util/pgfplotsbinary.data.code.tex)) (/usr/local/texlive/2019/texmf-dist/tex/generic/pgfplots/util/pgfplotsutil.verb.code.tex) (/usr/local/texlive/2019/texmf-dist/tex/generic/pgfplots/libs/pgflibrarypgfplots.surfshading.code.tex
\c@pgfplotslibrarysurf@no=\count450
 (/usr/local/texlive/2019/texmf-dist/tex/generic/pgfplots/sys/pgflibrarypgfplots.surfshading.pgfsys-xetex.def (/usr/local/texlive/2019/texmf-dist/tex/generic/pgfplots/sys/pgflibrarypgfplots.surfshading.pgfsys-dvipdfmx.def
\c@pgfplotslibrarysurf@streamlen=\count451
)))) (/usr/local/texlive/2019/texmf-dist/tex/generic/pgfplots/util/pgfplotscolormap.code.tex (/usr/local/texlive/2019/texmf-dist/tex/generic/pgfplots/util/pgfplotscolor.code.tex)) (/usr/local/texlive/2019/texmf-dist/tex/generic/pgfplots/pgfplotsstackedplots.code.tex) (/usr/local/texlive/2019/texmf-dist/tex/generic/pgfplots/pgfplotsplothandlers.code.tex (/usr/local/texlive/2019/texmf-dist/tex/generic/pgfplots/pgfplotsmeshplothandler.code.tex (/usr/local/texlive/2019/texmf-dist/tex/generic/pgfplots/pgfplotsmeshplotimage.code.tex))) (/usr/local/texlive/2019/texmf-dist/tex/generic/pgfplots/pgfplots.scaling.code.tex) (/usr/local/texlive/2019/texmf-dist/tex/generic/pgfplots/pgfplotscoordprocessing.code.tex) (/usr/local/texlive/2019/texmf-dist/tex/generic/pgfplots/pgfplots.errorbars.code.tex) (/usr/local/texlive/2019/texmf-dist/tex/generic/pgfplots/pgfplots.markers.code.tex) (/usr/local/texlive/2019/texmf-dist/tex/generic/pgfplots/pgfplotsticks.code.tex) (/usr/local/texlive/2019/texmf-dist/tex/generic/pgfplots/pgfplots.paths.code.tex) (/usr/local/texlive/2019/texmf-dist/tex/generic/pgf/frontendlayer/tikz/libraries/tikzlibrarydecorations.code.tex (/usr/local/texlive/2019/texmf-dist/tex/generic/pgf/modules/pgfmoduledecorations.code.tex
\pgfdecoratedcompleteddistance=\dimen305
\pgfdecoratedremainingdistance=\dimen306
\pgfdecoratedinputsegmentcompleteddistance=\dimen307
\pgfdecoratedinputsegmentremainingdistance=\dimen308
\pgf@decorate@distancetomove=\dimen309
\pgf@decorate@repeatstate=\count452
\pgfdecorationsegmentamplitude=\dimen310
\pgfdecorationsegmentlength=\dimen311
)
\tikz@lib@dec@box=\box61
) (/usr/local/texlive/2019/texmf-dist/tex/generic/pgf/frontendlayer/tikz/libraries/tikzlibrarydecorations.pathmorphing.code.tex (/usr/local/texlive/2019/texmf-dist/tex/generic/pgf/libraries/decorations/pgflibrarydecorations.pathmorphing.code.tex)) (/usr/local/texlive/2019/texmf-dist/tex/generic/pgf/frontendlayer/tikz/libraries/tikzlibrarydecorations.pathreplacing.code.tex (/usr/local/texlive/2019/texmf-dist/tex/generic/pgf/libraries/decorations/pgflibrarydecorations.pathreplacing.code.tex))
\pgfplots@numplots=\count453
\pgfplots@xmin@reg=\dimen312
\pgfplots@xmax@reg=\dimen313
\pgfplots@ymin@reg=\dimen314
\pgfplots@ymax@reg=\dimen315
\pgfplots@zmin@reg=\dimen316
\pgfplots@zmax@reg=\dimen317
) (/usr/local/texlive/2019/texmf-dist/tex/generic/pgf/frontendlayer/tikz/libraries/tikzlibraryplotmarks.code.tex
File: tikzlibraryplotmarks.code.tex 2019/04/04 v3.1.2 (3.1.2)
 (/usr/local/texlive/2019/texmf-dist/tex/generic/pgf/libraries/pgflibraryplotmarks.code.tex
File: pgflibraryplotmarks.code.tex 2019/04/04 v3.1.2 (3.1.2)
))) (/usr/local/texlive/2019/texmf-dist/tex/latex/base/inputenc.sty
Package: inputenc 2018/08/11 v1.3c Input encoding file
\inpenc@prehook=\toks37
\inpenc@posthook=\toks38


Package inputenc Warning: inputenc package ignored with utf8 based engines.

) (/usr/local/texlive/2019/texmf-dist/tex/latex/subfigure/subfigure.sty
Package: subfigure 2002/03/15 v2.1.5 subfigure package
\subfigtopskip=\skip84
\subfigcapskip=\skip85
\subfigcaptopadj=\dimen318
\subfigbottomskip=\skip86
\subfigcapmargin=\dimen319
\subfiglabelskip=\skip87
\c@subfigure=\count454
\c@lofdepth=\count455
\c@subtable=\count456
\c@lotdepth=\count457

****************************************
* Local config file subfigure.cfg used *
****************************************
(/usr/local/texlive/2019/texmf-dist/tex/latex/subfigure/subfigure.cfg)
\subfig@top=\skip88
\subfig@bottom=\skip89
) (/usr/local/texlive/2019/texmf-dist/tex/latex/listings/listings.sty
\lst@mode=\count458
\lst@gtempboxa=\box62
\lst@token=\toks39
\lst@length=\count459
\lst@currlwidth=\dimen320
\lst@column=\count460
\lst@pos=\count461
\lst@lostspace=\dimen321
\lst@width=\dimen322
\lst@newlines=\count462
\lst@lineno=\count463
\lst@maxwidth=\dimen323
 (/usr/local/texlive/2019/texmf-dist/tex/latex/listings/lstmisc.sty
File: lstmisc.sty 2019/02/27 1.8b (Carsten Heinz)
\c@lstnumber=\count464
\lst@skipnumbers=\count465
\lst@framebox=\box63
) (/usr/local/texlive/2019/texmf-dist/tex/latex/listings/listings.cfg
File: listings.cfg 2019/02/27 1.8b listings configuration
))
Package: listings 2019/02/27 1.8b (Carsten Heinz)
 (/usr/local/texlive/2019/texmf-dist/tex/latex/setspace/setspace.sty
Package: setspace 2011/12/19 v6.7a set line spacing
) (/usr/local/texlive/2019/texmf-dist/tex/latex/algorithms/algorithm.sty
Invalid UTF-8 byte or sequence at line 11 replaced by U+FFFD.
Package: algorithm 2009/08/24 v0.1 Document Style `algorithm' - floating environment
 (/usr/local/texlive/2019/texmf-dist/tex/latex/float/float.sty
Package: float 2001/11/08 v1.3d Float enhancements (AL)
\c@float@type=\count466
\float@exts=\toks40
\float@box=\box64
\@float@everytoks=\toks41
\@floatcapt=\box65
)
\@float@every@algorithm=\toks42
\c@algorithm=\count467
) (/usr/local/texlive/2019/texmf-dist/tex/latex/algorithmicx/algorithmicx.sty
Package: algorithmicx 2005/04/27 v1.2 Algorithmicx

Document Style algorithmicx 1.2 - a greatly improved `algorithmic' style
\c@ALG@line=\count468
\c@ALG@rem=\count469
\c@ALG@nested=\count470
\ALG@tlm=\skip90
\ALG@thistlm=\skip91
\c@ALG@Lnr=\count471
\c@ALG@blocknr=\count472
\c@ALG@storecount=\count473
\c@ALG@tmpcounter=\count474
\ALG@tmplength=\skip92
) (/usr/local/texlive/2019/texmf-dist/tex/latex/algorithmicx/algpseudocode.sty
Package: algpseudocode 

Document Style - pseudocode environments for use with the `algorithmicx' style
) (/usr/local/texlive/2019/texmf-dist/tex/latex/cases/cases.sty
Package: cases 2002/05/02 ver 2.5 
) (/usr/local/texlive/2019/texmf-dist/tex/latex/tools/tabularx.sty
Package: tabularx 2016/02/03 v2.11b `tabularx' package (DPC)
 (/usr/local/texlive/2019/texmf-dist/tex/latex/tools/array.sty
Package: array 2018/12/30 v2.4k Tabular extension package (FMi)
\col@sep=\dimen324
\ar@mcellbox=\box66
\extrarowheight=\dimen325
\NC@list=\toks43
\extratabsurround=\skip93
\backup@length=\skip94
\ar@cellbox=\box67
)
\TX@col@width=\dimen326
\TX@old@table=\dimen327
\TX@old@col=\dimen328
\TX@target=\dimen329
\TX@delta=\dimen330
\TX@cols=\count475
\TX@ftn=\toks44
) (/usr/local/texlive/2019/texmf-dist/tex/generic/pgf/frontendlayer/tikz/libraries/tikzlibrarypatterns.code.tex
File: tikzlibrarypatterns.code.tex 2019/04/04 v3.1.2 (3.1.2)
 (/usr/local/texlive/2019/texmf-dist/tex/generic/pgf/libraries/pgflibrarypatterns.code.tex
File: pgflibrarypatterns.code.tex 2019/04/04 v3.1.2 (3.1.2)
))
\c@Theorem=\count476
Package biblatex Info: Trying to load language 'english'...
Package biblatex Info: ... file 'english.lbx' found.
 (/usr/local/texlive/2019/texmf-dist/tex/latex/biblatex/lbx/english.lbx
File: english.lbx 2018/11/02 v3.12 biblatex localization (PK/MW)
)
\@quotelevel=\count477
\@quotereset=\count478
 (/usr/local/texlive/2019/texmf-dist/tex/xelatex/xecjk/xeCJK-listings.sty
Package: xeCJK-listings 2019/04/07 v3.7.2 xeCJK patch file for listings
\l__xeCJK_listings_max_char_int=\count479
\l__xeCJK_listings_flag_int=\count480
) (./main.aux (./abstract.aux) (./manual.aux) (./references.aux) (./acknowledgements.aux) (./appendices.aux) (./resume.aux))
\openout1 = `main.aux'.

LaTeX Font Info:    Checking defaults for OML/cmm/m/it on input line 95.
LaTeX Font Info:    ... okay on input line 95.
LaTeX Font Info:    Checking defaults for T1/cmr/m/n on input line 95.
LaTeX Font Info:    ... okay on input line 95.
LaTeX Font Info:    Checking defaults for OT1/cmr/m/n on input line 95.
LaTeX Font Info:    ... okay on input line 95.
LaTeX Font Info:    Checking defaults for OMS/cmsy/m/n on input line 95.
LaTeX Font Info:    ... okay on input line 95.
LaTeX Font Info:    Checking defaults for TU/lmr/m/n on input line 95.
LaTeX Font Info:    ... okay on input line 95.
LaTeX Font Info:    Checking defaults for OMX/cmex/m/n on input line 95.
LaTeX Font Info:    ... okay on input line 95.
LaTeX Font Info:    Checking defaults for U/cmr/m/n on input line 95.
LaTeX Font Info:    ... okay on input line 95.
LaTeX Font Info:    Checking defaults for PD1/pdf/m/n on input line 95.
LaTeX Font Info:    ... okay on input line 95.
LaTeX Font Info:    Checking defaults for PU/pdf/m/n on input line 95.
LaTeX Font Info:    ... okay on input line 95.
\AtBeginShipoutBox=\box68
Package hyperref Info: Link coloring ON on input line 95.
 (/usr/local/texlive/2019/texmf-dist/tex/latex/hyperref/nameref.sty
Package: nameref 2016/05/21 v2.44 Cross-referencing by name of section
 (/usr/local/texlive/2019/texmf-dist/tex/generic/oberdiek/gettitlestring.sty
Package: gettitlestring 2016/05/16 v1.5 Cleanup title references (HO)
)
\c@section@level=\count481
)
LaTeX Info: Redefining \ref on input line 95.
LaTeX Info: Redefining \pageref on input line 95.
LaTeX Info: Redefining \nameref on input line 95.
 (./main.out) (./main.out)
\@outlinefile=\write5
\openout5 = `main.out'.

Package biblatex Info: XeTeX detected.
(biblatex)             Assuming input encoding 'utf8'.
Package biblatex Info: Automatic encoding selection.
(biblatex)             Assuming data encoding 'utf8'.
\openout3 = `main.bcf'.

Package biblatex Info: Trying to load bibliographic data...
Package biblatex Info: ... file 'main.bbl' not found.

No file main.bbl.
Package biblatex Info: Reference section=0 on input line 95.
Package biblatex Info: Reference segment=0 on input line 95.
ABD: EveryShipout initializing macros
Package pgfplots notification 'compat/show suggested version=true': you might benefit from \pgfplotsset{compat=1.16} (current compat level: 1.13).

\c@lstlisting=\count482
LaTeX Font Info:    Calculating math sizes for size <15> on input line 119.
LaTeX Font Info:    Try loading font information for OT1+ztmcm on input line 119.
(/usr/local/texlive/2019/texmf-dist/tex/latex/psnfss/ot1ztmcm.fd
File: ot1ztmcm.fd 2000/01/03 Fontinst v1.801 font definitions for OT1/ztmcm.
)
LaTeX Font Info:    Try loading font information for OML+ztmcm on input line 119.
 (/usr/local/texlive/2019/texmf-dist/tex/latex/psnfss/omlztmcm.fd
File: omlztmcm.fd 2000/01/03 Fontinst v1.801 font definitions for OML/ztmcm.
)
LaTeX Font Info:    Try loading font information for OMS+ztmcm on input line 119.
 (/usr/local/texlive/2019/texmf-dist/tex/latex/psnfss/omsztmcm.fd
File: omsztmcm.fd 2000/01/03 Fontinst v1.801 font definitions for OMS/ztmcm.
)
LaTeX Font Info:    Try loading font information for OMX+ztmcm on input line 119.
 (/usr/local/texlive/2019/texmf-dist/tex/latex/psnfss/omxztmcm.fd
File: omxztmcm.fd 2000/01/03 Fontinst v1.801 font definitions for OMX/ztmcm.
)
LaTeX Font Info:    Try loading font information for OT1+ptm on input line 119.
 (/usr/local/texlive/2019/texmf-dist/tex/latex/psnfss/ot1ptm.fd
File: ot1ptm.fd 2001/06/04 font definitions for OT1/ptm.
)
LaTeX Font Info:    Font shape `OT1/ptm/bx/n' in size <15> not available
(Font)              Font shape `OT1/ptm/b/n' tried instead on input line 119.
LaTeX Font Info:    Font shape `OT1/ptm/bx/n' in size <11.10008> not available
(Font)              Font shape `OT1/ptm/b/n' tried instead on input line 119.
LaTeX Font Info:    Font shape `OT1/ptm/bx/n' in size <9.00009> not available
(Font)              Font shape `OT1/ptm/b/n' tried instead on input line 119.

Package fontspec Info: Font family 'FZCKJW.ttf(0)' created for font
(fontspec)             'FZCKJW.ttf' with options [Script={CJK},Path={fonts/}].
(fontspec)              
(fontspec)              This font family consists of the following NFSS
(fontspec)             series/shapes:
(fontspec)              
(fontspec)             - 'normal' (m/n) with NFSS spec.:
(fontspec)             <->"[fonts/FZCKJW.ttf]/OT:script=hani;language=DFLT;"
(fontspec)             - 'small caps'  (m/sc) with NFSS spec.: 



LaTeX Font Warning: Font shape `TU/FZCKJW.ttf(0)/bx/n' undefined
(Font)              using `TU/FZCKJW.ttf(0)/m/n' instead on input line 1.


Overfull \hbox (6.29646pt too wide) in paragraph at lines 119--119
 [][] 
 []

LaTeX Font Info:    Calculating math sizes for size <14> on input line 119.
LaTeX Font Info:    Font shape `OT1/ptm/bx/n' in size <14> not available
(Font)              Font shape `OT1/ptm/b/n' tried instead on input line 119.
LaTeX Font Info:    Font shape `OT1/ptm/bx/n' in size <10.36008> not available
(Font)              Font shape `OT1/ptm/b/n' tried instead on input line 119.
LaTeX Font Info:    Font shape `OT1/ptm/bx/n' in size <8.40009> not available
(Font)              Font shape `OT1/ptm/b/n' tried instead on input line 119.

Overfull \hbox (53.95041pt too wide) detected at line 119
\TU/FZCKJW.ttf(0)/m/n/14        |     |  
 []

(/usr/local/texlive/2019/texmf-dist/tex/generic/oberdiek/se-ascii-print.def
File: se-ascii-print.def 2016/05/16 v1.11 stringenc: Printable ASCII characters
) [1


]
Overfull \hbox (4.58977pt too wide) in paragraph at lines 119--119
[] \TU/simsun.ttf(0)/m/n/12   [] 
 []


Overfull \hbox (4.58977pt too wide) in paragraph at lines 119--119
[] \TU/simsun.ttf(0)/m/n/12   [] 
 []

[2

]
\openout2 = `abstract.aux'.

 (./abstract.tex
LaTeX Font Info:    Font shape `OT1/ptm/bx/n' in size <12> not available
(Font)              Font shape `OT1/ptm/b/n' tried instead on input line 10.
LaTeX Font Info:    Font shape `OT1/ptm/bx/n' in size <9> not available
(Font)              Font shape `OT1/ptm/b/n' tried instead on input line 10.
LaTeX Font Info:    Font shape `OT1/ptm/bx/n' in size <7> not available
(Font)              Font shape `OT1/ptm/b/n' tried instead on input line 10.
 [1



]) [2

] (./main.toc)
\tf@toc=\write6
\openout6 = `main.toc'.

 [3


]
\openout2 = `manual.aux'.

 (./manual.tex
\CJKnumber {1} 1.
[1


]

LaTeX Warning: Citation 'Evolvegcn' on page 2 undefined on input line 61.


LaTeX Warning: Citation 'GRU' on page 2 undefined on input line 64.


LaTeX Warning: Citation 'kipfGCN' on page 2 undefined on input line 65.


LaTeX Warning: Citation 'SGC' on page 2 undefined on input line 65.

[2] [3]
\CJKnumber {2} 2.

LaTeX Warning: Citation 'AlexNet' on page 4 undefined on input line 117.


LaTeX Warning: Citation 'FCN' on page 4 undefined on input line 118.


LaTeX Warning: Citation 'VideoSlowFast' on page 4 undefined on input line 118.


LaTeX Warning: Citation 'AudioSlowFast' on page 4 undefined on input line 118.


LaTeX Warning: Citation 'Transferable' on page 4 undefined on input line 119.


LaTeX Warning: Citation 'kipfGCN' on page 4 undefined on input line 129.


LaTeX Warning: Citation 'SGC' on page 4 undefined on input line 129.


LaTeX Warning: Citation 'ChebyNet' on page 4 undefined on input line 129.


LaTeX Warning: Citation 'GAT' on page 4 undefined on input line 129.


LaTeX Warning: Citation 'GraphSage' on page 4 undefined on input line 129.


LaTeX Warning: Citation 'ConfGCN' on page 4 undefined on input line 129.

File: Figures/cnn_conv_1.png Graphic file (type bmp)
<Figures/cnn_conv_1.png>
File: Figures/cnn_conv_2.png Graphic file (type bmp)
<Figures/cnn_conv_2.png>
File: Figures/graph_conv_1.png Graphic file (type bmp)
<Figures/graph_conv_1.png>
File: Figures/graph_conv_2.png Graphic file (type bmp)
<Figures/graph_conv_2.png>

Underfull \vbox (badness 10000) has occurred while \output is active []

 [4

]
Underfull \vbox (badness 1642) has occurred while \output is active []

 [5]

LaTeX Warning: Citation 'ChebyNet' on page 6 undefined on input line 212.


LaTeX Warning: Citation 'kipfGCN' on page 6 undefined on input line 231.

[6]

LaTeX Warning: Citation 'kipfGCN' on page 7 undefined on input line 256.

File: Figures/GCN-model.png Graphic file (type bmp)
<Figures/GCN-model.png>
LaTeX Font Info:    Calculating math sizes for size <10.5> on input line 276.
LaTeX Font Info:    Font shape `OT1/ptm/bx/n' in size <10.5> not available
(Font)              Font shape `OT1/ptm/b/n' tried instead on input line 276.
LaTeX Font Info:    Font shape `OT1/ptm/bx/n' in size <7.77005> not available
(Font)              Font shape `OT1/ptm/b/n' tried instead on input line 276.
LaTeX Font Info:    Font shape `OT1/ptm/bx/n' in size <6.30006> not available
(Font)              Font shape `OT1/ptm/b/n' tried instead on input line 276.
[7] [8]
File: Figures/RNNs.png Graphic file (type bmp)
<Figures/RNNs.png>

Underfull \vbox (badness 4859) has occurred while \output is active []

 [9]
Underfull \vbox (badness 10000) has occurred while \output is active []

 [10]
File: Figures/LSTM.png Graphic file (type bmp)
<Figures/LSTM.png>
 [11]
File: Figures/GRU.png Graphic file (type bmp)
<Figures/GRU.png>
 [12] [13]
Package hyperref Info: bookmark level for unknown algorithm defaults to 0 on input line 486.

Underfull \hbox (badness 10000) in paragraph at lines 488--497

 []

[14]
\CJKnumber {3} 3.
[15

]
\CJKnumber {4} 4.
[16

]
\CJKnumber {5} 5.
) [17

]
\openout2 = `references.aux'.

 (./references.tex)

LaTeX Warning: Empty bibliography on input line 17.

\openout2 = `acknowledgements.aux'.

(./acknowledgements.tex

Package hyperref Warning: Token not allowed in a PDF string (Unicode):
(hyperref)                \hskip 12.0pt
(hyperref)                replaced by space on input line 3.

) [18





]
\openout2 = `appendices.aux'.


No file appendices.tex.
\openout2 = `resume.aux'.

(./resume.tex
Underfull \hbox (badness 10000) in paragraph at lines 6--7

 []


Underfull \hbox (badness 10000) in paragraph at lines 18--21

 []


Underfull \hbox (badness 10000) in paragraph at lines 18--21

 []


Underfull \hbox (badness 10000) in paragraph at lines 18--21

 []

)
Underfull \hbox (badness 10000) in paragraph at lines 22--130

 []


Underfull \hbox (badness 10000) in paragraph at lines 22--130

 []

[19





]
Package atveryend Info: Empty hook `BeforeClearDocument' on input line 132.
Package atveryend Info: Empty hook `AfterLastShipout' on input line 132.
 (./main.aux (./abstract.aux) (./manual.aux) (./references.aux) (./acknowledgements.aux) (./appendices.aux) (./resume.aux))
Package atveryend Info: Empty hook `AtVeryEndDocument' on input line 132.
Package atveryend Info: Executing hook `AtEndAfterFileList' on input line 132.
Package rerunfilecheck Info: File `main.out' has not changed.
(rerunfilecheck)             Checksum: 78B8FA87A4C792B3385FA738A0920CE8.


LaTeX Font Warning: Some font shapes were not available, defaults substituted.


LaTeX Warning: There were undefined references.


Package biblatex Warning: Please (re)run Biber on the file:
(biblatex)                main
(biblatex)                and rerun LaTeX afterwards.

Package logreq Info: Writing requests to 'main.run.xml'.
\openout1 = `main.run.xml'.

Package atveryend Info: Empty hook `AtVeryVeryEnd' on input line 132.
 ) 
Here is how much of TeX's memory you used:
 51630 strings out of 492916
 1173919 string characters out of 6133346
 1714712 words of memory out of 5000000
 54959 multiletter control sequences out of 15000+600000
 570618 words of font info for 184 fonts, out of 8000000 for 9000
 1348 hyphenation exceptions out of 8191
 62i,12n,103p,1161b,1377s stack positions out of 5000i,500n,10000p,200000b,80000s

Output written on main.pdf (24 pages).
